<?xml version="1.0" encoding="UTF-8"?>
<!-- Generated by org.testng.reporters.JUnitReportReporter -->
<testsuite hostname="AARONEVANS1ACF" failures="0" tests="1" name="locatingtechniques.LoginPageWithTestNG" time="13.782" errors="0" timestamp="2020-10-20T00:09:04 CST" skipped="0">
  <testcase classname="locatingtechniques.LoginPageWithTestNG" name="loginTest" time="13.782"/>
  <system-out/>
</testsuite> <!-- locatingtechniques.LoginPageWithTestNG -->
