<?xml version="1.0" encoding="UTF-8"?>
<!-- Generated by org.testng.reporters.JUnitReportReporter -->
<testsuite hostname="AARONEVANS1ACF" failures="0" tests="2" name="tests.LoginTestNG" time="14.265" errors="0" timestamp="2021-04-21T12:47:38 CST" skipped="0">
  <testcase classname="tests.LoginTestNG" name="successfulLogin" time="7.444"/>
  <system-out/>
  <testcase classname="tests.LoginTestNG" name="unsuccessfulLogin" time="6.821"/>
  <system-out/>
</testsuite> <!-- tests.LoginTestNG -->
