<?xml version="1.0" encoding="UTF-8"?>
<!-- Generated by org.testng.reporters.JUnitReportReporter -->
<testsuite hostname="AARONEVANS1ACF" failures="0" tests="1" name="tests.ButtonTest" time="8.444" errors="0" timestamp="2021-04-21T14:47:30 CST" skipped="0">
  <testcase classname="tests.ButtonTest" name="getAllTheButtons" time="8.444"/>
  <system-out/>
</testsuite> <!-- tests.ButtonTest -->
