<?xml version="1.0" encoding="UTF-8"?>
<!-- Generated by org.testng.reporters.JUnitReportReporter -->
<testsuite hostname="AARONEVANS1ACF" failures="0" tests="2" name="theinternet.LoginTest" time="19.850" errors="0" timestamp="12 Aug 2021 15:35:47 GMT">
  <testcase classname="theinternet.LoginTest" name="loginFailure" time="10.754"/>
  <testcase classname="theinternet.LoginTest" name="loginSuccess" time="9.096"/>
</testsuite> <!-- theinternet.LoginTest -->
