<?xml version="1.0" encoding="UTF-8"?>
<!-- Generated by org.testng.reporters.JUnitReportReporter -->
<testsuite hostname="AARONEVANS1ACF" failures="0" tests="2" name="LoginTestNew" time="16.234" errors="0" timestamp="12 Aug 2021 15:01:38 GMT">
  <testcase classname="LoginTestNew" name="loginSuccess" time="8.147"/>
  <testcase classname="LoginTestNew" name="loginFailure" time="8.087"/>
</testsuite> <!-- LoginTestNew -->
