<?xml version="1.0" encoding="UTF-8"?>
<!-- Generated by org.testng.reporters.JUnitReportReporter -->
<testsuite hostname="macbook.oneshore.lcl" failures="0" tests="2" name="theinternet.LoginTest" time="16.405" errors="0" timestamp="12 Aug 2021 16:04:57 GMT">
  <testcase classname="theinternet.LoginTest" name="loginFailure" time="7.777"/>
  <testcase classname="theinternet.LoginTest" name="loginSuccess" time="8.628"/>
</testsuite> <!-- theinternet.LoginTest -->
