<?xml version="1.0" encoding="UTF-8"?>
<!-- Generated by org.testng.reporters.JUnitReportReporter -->
<testsuite hostname="AARONEVANS1ACF" failures="0" tests="3" name="theinternet.DataDrivenLoginTest" time="28.253" errors="0" timestamp="12 Aug 2021 18:16:12 GMT">
  <testcase classname="theinternet.DataDrivenLoginTest" name="testLogin" time="9.297"/>
  <testcase classname="theinternet.DataDrivenLoginTest" name="testLogin" time="8.834"/>
  <testcase classname="theinternet.DataDrivenLoginTest" name="testLogin" time="10.122"/>
</testsuite> <!-- theinternet.DataDrivenLoginTest -->
