<?xml version="1.0" encoding="UTF-8"?>
<!-- Generated by org.testng.reporters.JUnitReportReporter -->
<testsuite hostname="AARONEVANS1ACF" failures="0" tests="1" name="RemoteTest" time="4.574" errors="0" timestamp="12 Aug 2021 20:40:28 GMT">
  <testcase classname="RemoteTest" name="openFAAPage" time="4.574"/>
</testsuite> <!-- RemoteTest -->
